  Bank System.cpp
C:\Users\User\Source\Repos\Bank System\Bank System\clsString.h(43,1): warning C4267: 'return': conversion from 'size_t' to 'short', possible loss of data
C:\Users\User\Source\Repos\Bank System\Bank System\clsString.h(48,1): warning C4267: 'return': conversion from 'size_t' to 'short', possible loss of data
C:\Users\User\Source\Repos\Bank System\Bank System\clsString.h(60,1): warning C4267: '=': conversion from 'size_t' to 'short', possible loss of data
C:\Users\User\Source\Repos\Bank System\Bank System\clsString.h(197,1): warning C4267: 'return': conversion from 'size_t' to 'short', possible loss of data
C:\Users\User\Source\Repos\Bank System\Bank System\clsString.h(328,1): warning C4267: '=': conversion from 'size_t' to 'short', possible loss of data
C:\Users\User\Source\Repos\Bank System\Bank System\clsString.h(376,1): warning C4267: 'initializing': conversion from 'size_t' to 'short', possible loss of data
C:\Users\User\Source\Repos\Bank System\Bank System\clsUtil.h(64,5): warning C4102: 'defualt': unreferenced label
C:\Users\User\Source\Repos\Bank System\Bank System\clsUser.h(180,34): warning C4240: nonstandard extension used: access to 'clsUser::stLoginRegisterRecord' now defined to be 'public', previously it was defined to be 'private'
C:\Users\User\Source\Repos\Bank System\Bank System\clsUser.h(25,12): message : see declaration of 'clsUser::stLoginRegisterRecord'
C:\Users\User\Source\Repos\Bank System\Bank System\clsBankClient.h(176,29): warning C4240: nonstandard extension used: access to 'clsBankClient::stTransferLogRecord' now defined to be 'public', previously it was defined to be 'private'
C:\Users\User\Source\Repos\Bank System\Bank System\clsBankClient.h(28,9): message : see declaration of 'clsBankClient::stTransferLogRecord'
C:\Users\User\Source\Repos\Bank System\Bank System\clsBankClient.h(39,34): warning C4244: '=': conversion from 'double' to 'float', possible loss of data
C:\Users\User\Source\Repos\Bank System\Bank System\clsBankClient.h(56,143): warning C4244: 'argument': conversion from 'double' to 'float', possible loss of data
C:\Users\User\Source\Repos\Bank System\Bank System\clsBankClient.h(435,22): warning C4244: '+=': conversion from 'double' to 'float', possible loss of data
C:\Users\User\Source\Repos\Bank System\Bank System\clsBankClient.h(446,22): warning C4244: '-=': conversion from 'double' to 'float', possible loss of data
C:\Users\User\Source\Repos\Bank System\Bank System\clsTotalBalancesScreen.h(58,82): warning C4244: 'argument': conversion from 'double' to 'int', possible loss of data
C:\Users\User\Source\Repos\Bank System\Bank System\clsCurrency.h(30,100): warning C4244: 'argument': conversion from 'double' to 'float', possible loss of data
C:\Users\User\Source\Repos\Bank System\Bank System\clsBankClient.h(382): warning C4715: 'clsBankClient::Save': not all control paths return a value
C:\Users\User\Source\Repos\Bank System\Bank System\clsUser.h(352): warning C4715: 'clsUser::Save': not all control paths return a value
C:\Users\User\Source\Repos\Bank System\Bank System\clsBankClient.h(450): warning C4715: 'clsBankClient::Withdraw': not all control paths return a value
C:\Users\User\Source\Repos\Bank System\Bank System\clsBankClient.h(463): warning C4715: 'clsBankClient::Transfer': not all control paths return a value
  Bank System.vcxproj -> C:\Users\User\Source\Repos\Bank System\x64\Debug\Bank System.exe
